(0000) 3000  0011000000000000 (   1)                 .ORIG x3000
(3000) 56E0  0101011011100000 (   2)                 AND   R3 R3 #0
(3001) 5920  0101100100100000 (   3)                 AND   R4 R4 #0
(3002) 54A0  0101010010100000 (   4)                 AND   R2 R2 #0
(3003) 5260  0101001001100000 (   5)                 AND   R1 R1 #0
(3004) 16E1  0001011011100001 (   6)                 ADD   R3 R3 #1
(3005) 1921  0001100100100001 (   7)                 ADD   R4 R4 #1
(3006) AE18  1010111000011000 (   8)                 LDI   R7 FNP
(3007) 1FFE  0001111111111110 (   9)                 ADD   R7 R7 #-2
(3008) 0C05  0000110000000101 (  10)                 BRNZ  PLACE
(3009) 1B03  0001101100000011 (  11) LOOP            ADD   R5 R4 R3
(300A) 1720  0001011100100000 (  12)                 ADD   R3 R4 #0
(300B) 1960  0001100101100000 (  13)                 ADD   R4 R5 #0
(300C) 1FFF  0001111111111111 (  14)                 ADD   R7 R7 #-1
(300D) 03FB  0000001111111011 (  15)                 BRP   LOOP
(300E) B811  1011100000010001 (  16) PLACE           STI   R4 FBN
(300F) 56E0  0101011011100000 (  17)                 AND   R3 R3 #0
(3010) 5920  0101100100100000 (  18)                 AND   R4 R4 #0
(3011) 54A0  0101010010100000 (  19)                 AND   R2 R2 #0
(3012) 5FE0  0101111111100000 (  20)                 AND   R7 R7 #0
(3013) 16A1  0001011010100001 (  21)                 ADD   R3 R2 #1
(3014) 1921  0001100100100001 (  22)                 ADD   R4 R4 #1
(3015) 1FE2  0001111111100010 (  23)                 ADD   R7 R7 #2
(3016) 1B03  0001101100000011 (  24)                 ADD   R5 R4 R3
(3017) 1720  0001011100100000 (  25) LOOP2           ADD   R3 R4 #0
(3018) 1960  0001100101100000 (  26)                 ADD   R4 R5 #0
(3019) 1FE1  0001111111100001 (  27)                 ADD   R7 R7 #1
(301A) 1B03  0001101100000011 (  28)                 ADD   R5 R4 R3
(301B) 03FB  0000001111111011 (  29)                 BRP   LOOP2
(301C) B804  1011100000000100 (  30)                 STI   R4 FLP
(301D) BE04  1011111000000100 (  31)                 STI   R7 LFP
(301E) F025  1111000000100101 (  32)                 TRAP  x25
(301F) 3100  0011000100000000 (  33) FNP             .FILL x3100
(3020) 3101  0011000100000001 (  34) FBN             .FILL x3101
(3021) 3102  0011000100000010 (  35) FLP             .FILL x3102
(3022) 3103  0011000100000011 (  36) LFP             .FILL x3103
