(0000) 3000  0011000000000000 (   8)                 .ORIG x3000
(3000) A009  1010000000001001 (   9)                 LDI   R0 X
(3001) A209  1010001000001001 (  10)                 LDI   R1 Y
(3002) 480C  0100100000001100 (  11)                 JSR   MULTI
(3003) B408  1011010000001000 (  12)                 STI   R2 PRO
(3004) A005  1010000000000101 (  13)                 LDI   R0 X
(3005) A205  1010001000000101 (  14)                 LDI   R1 Y
(3006) 4822  0100100000100010 (  15)                 JSR   DIV
(3007) B805  1011100000000101 (  16)                 STI   R4 QUO
(3008) B005  1011000000000101 (  17)                 STI   R0 REM
(3009) F025  1111000000100101 (  18)                 TRAP  x25
(300A) 3100  0011000100000000 (  21) X               .FILL x3100
(300B) 3101  0011000100000001 (  22) Y               .FILL x3101
(300C) 3102  0011000100000010 (  23) PRO             .FILL x3102
(300D) 3103  0011000100000011 (  24) QUO             .FILL x3103
(300E) 3104  0011000100000100 (  25) REM             .FILL x3104
(300F) 5401  0101010000000001 (  27) MULTI           AND   R2 R0 R1
(3010) 0417  0000010000010111 (  28)                 BRZ   EXIT
(3011) 54A0  0101010010100000 (  29)                 AND   R2 R2 #0
(3012) 14A0  0001010010100000 (  30)                 ADD   R2 R2 #0
(3013) 5B60  0101101101100000 (  31)                 AND   R5 R5 #0
(3014) 5DA0  0101110110100000 (  32)                 AND   R6 R6 #0
(3015) 1B60  0001101101100000 (  33)                 ADD   R5 R5 #0
(3016) 1DA0  0001110110100000 (  34)                 ADD   R6 R6 #0
(3017) 1020  0001000000100000 (  35)                 ADD   R0 R0 #0
(3018) 0603  0000011000000011 (  36)                 BRZP  YC
(3019) 903F  1001000000111111 (  37)                 NOT   R0 R0
(301A) 1021  0001000000100001 (  38)                 ADD   R0 R0 #1
(301B) 1B61  0001101101100001 (  39)                 ADD   R5 R5 #1
(301C) 1260  0001001001100000 (  40) YC              ADD   R1 R1 #0
(301D) 0603  0000011000000011 (  41)                 BRZP  MLOOP
(301E) 927F  1001001001111111 (  42)                 NOT   R1 R1
(301F) 1261  0001001001100001 (  43)                 ADD   R1 R1 #1
(3020) 1DA1  0001110110100001 (  44)                 ADD   R6 R6 #1
(3021) 1480  0001010010000000 (  48) MLOOP           ADD   R2 R2 R0
(3022) 127F  0001001001111111 (  49)                 ADD   R1 R1 #-1
(3023) 03FD  0000001111111101 (  50)                 BRP   MLOOP
(3024) 1B46  0001101101000110 (  51)                 ADD   R5 R5 R6
(3025) 0402  0000010000000010 (  52)                 BRZ   EXIT
(3026) 94BF  1001010010111111 (  53)                 NOT   R2 R2
(3027) 14A1  0001010010100001 (  54)                 ADD   R2 R2 #1
(3028) C1C0  1100000111000000 (  55) EXIT            RET   
(3029) 54A0  0101010010100000 (  57) DIV             AND   R2 R2 #0
(302A) 56E0  0101011011100000 (  58)                 AND   R3 R3 #0
(302B) 5B60  0101101101100000 (  59)                 AND   R5 R5 #0
(302C) 5DA0  0101110110100000 (  60)                 AND   R6 R6 #0
(302D) 1B60  0001101101100000 (  61)                 ADD   R5 R5 #0
(302E) 1DA0  0001110110100000 (  62)                 ADD   R6 R6 #0
(302F) 1260  0001001001100000 (  63)                 ADD   R1 R1 #0
(3030) 0A03  0000101000000011 (  64)                 BRNP  CHECK
(3031) 5020  0101000000100000 (  65)                 AND   R0 R0 #0
(3032) 5920  0101100100100000 (  66)                 AND   R4 R4 #0
(3033) 0E1A  0000111000011010 (  67)                 BRNZP FIN
(3034) 1260  0001001001100000 (  68) CHECK           ADD   R1 R1 #0
(3035) 0203  0000001000000011 (  69)                 BRP   XCH
(3036) 927F  1001001001111111 (  70)                 NOT   R1 R1
(3037) 1261  0001001001100001 (  71)                 ADD   R1 R1 #1
(3038) 1DA1  0001110110100001 (  72)                 ADD   R6 R6 #1
(3039) 1020  0001000000100000 (  73) XCH             ADD   R0 R0 #0
(303A) 0603  0000011000000011 (  74)                 BRZP  JP
(303B) 903F  1001000000111111 (  75)                 NOT   R0 R0
(303C) 1021  0001000000100001 (  76)                 ADD   R0 R0 #1
(303D) 1B61  0001101101100001 (  77)                 ADD   R5 R5 #1
(303E) 16C1  0001011011000001 (  80) JP              ADD   R3 R3 R1
(303F) 927F  1001001001111111 (  81)                 NOT   R1 R1
(3040) 1261  0001001001100001 (  82)                 ADD   R1 R1 #1
(3041) 1921  0001100100100001 (  83) DLOOP           ADD   R4 R4 #1
(3042) 1001  0001000000000001 (  84)                 ADD   R0 R0 R1
(3043) 03FD  0000001111111101 (  85)                 BRP   DLOOP
(3044) 1003  0001000000000011 (  86)                 ADD   R0 R0 R3
(3045) 193F  0001100100111111 (  87)                 ADD   R4 R4 #-1
(3046) 1B46  0001101101000110 (  88)                 ADD   R5 R5 R6
(3047) 0406  0000010000000110 (  89)                 BRZ   FIN
(3048) 993F  1001100100111111 (  90)                 NOT   R4 R4
(3049) 1921  0001100100100001 (  91)                 ADD   R4 R4 #1
(304A) 1020  0001000000100000 (  92)                 ADD   R0 R0 #0
(304B) 0402  0000010000000010 (  93)                 BRZ   FIN
(304C) 903F  1001000000111111 (  94)                 NOT   R0 R0
(304D) 1021  0001000000100001 (  95)                 ADD   R0 R0 #1
(304E) C1C0  1100000111000000 (  96) FIN             RET   
