(0000) 3000  0011000000000000 (   9)                 .ORIG x3000
(3000) A01B  1010000000011011 (  10)                 LDI   R0 X
(3001) A21B  1010001000011011 (  11)                 LDI   R1 Y
(3002) 967F  1001011001111111 (  14)                 NOT   R3 R1
(3003) 16E1  0001011011100001 (  15)                 ADD   R3 R3 #1
(3004) 1603  0001011000000011 (  16)                 ADD   R3 R0 R3
(3005) B618  1011011000011000 (  17)                 STI   R3 X_Y
(3006) 1420  0001010000100000 (  20)                 ADD   R2 R0 #0
(3007) 0602  0000011000000010 (  21)                 BRZP  abs1
(3008) 94BF  1001010010111111 (  22)                 NOT   R2 R2
(3009) 14A1  0001010010100001 (  23)                 ADD   R2 R2 #1
(300A) B414  1011010000010100 (  24) abs1            STI   R2 absX
(300B) 1660  0001011001100000 (  27)                 ADD   R3 R1 #0
(300C) 0602  0000011000000010 (  28)                 BRZP  abs2
(300D) 96FF  1001011011111111 (  29)                 NOT   R3 R3
(300E) 16E1  0001011011100001 (  30)                 ADD   R3 R3 #1
(300F) B610  1011011000010000 (  31) abs2            STI   R3 absY
(3010) 98FF  1001100011111111 (  34)                 NOT   R4 R3
(3011) 1921  0001100100100001 (  35)                 ADD   R4 R4 #1
(3012) 1884  0001100010000100 (  36)                 ADD   R4 R2 R4
(3013) 0406  0000010000000110 (  37)                 BRZ   store
(3014) 0803  0000100000000011 (  38)                 BRN   neg
(3015) 5920  0101100100100000 (  39)                 AND   R4 R4 #0
(3016) 1921  0001100100100001 (  40)                 ADD   R4 R4 #1
(3017) 0E02  0000111000000010 (  41)                 BRNZP store
(3018) 5920  0101100100100000 (  42) neg             AND   R4 R4 #0
(3019) 1922  0001100100100010 (  43)                 ADD   R4 R4 #2
(301A) B806  1011100000000110 (  44) store           STI   R4 Z
(301B) F025  1111000000100101 (  46)                 TRAP  x25
(301C) 3120  0011000100100000 (  47) X               .FILL x3120
(301D) 3121  0011000100100001 (  48) Y               .FILL x3121
(301E) 3122  0011000100100010 (  49) X_Y             .FILL x3122
(301F) 3123  0011000100100011 (  50) absX            .FILL x3123
(3020) 3124  0011000100100100 (  51) absY            .FILL x3124
(3021) 3125  0011000100100101 (  52) Z               .FILL x3125
